[1728849159.230][INFO]: Starting ChromeDriver 129.0.6668.100 (cf58cba358d31ce285c1970a79a9411d0fb381a5-refs/branch-heads/6668@{#1704}) on port 11716
[1728849159.230][INFO]: Please see https://chromedriver.chromium.org/security-considerations for suggestions on keeping ChromeDriver safe.
[1728849159.233][INFO]: ChromeDriver was started successfully on port 11716
[1728849159.892][INFO]: [c90c65e08fe6e961daa635246feebf1e] COMMAND InitSession {
   "capabilities": {
      "firstMatch": [ {
         "browserName": "chrome",
         "goog:chromeOptions": {
            "args": [  ],
            "extensions": [  ]
         },
         "goog:loggingPrefs": {
            "browser": "ALL",
            "driver": "ALL"
         }
      } ]
   }
}
[1728849159.892][INFO]: Browser search. Trying... C:\Users\baree\.cache\selenium\chromedriver\win64\129.0.6668.100\chrome.exe
[1728849159.892][INFO]: Browser search. Trying... C:\Users\baree\.cache\selenium\chromedriver\win64\129.0.6668.100\chrome.exe
[1728849159.892][INFO]: Browser search. Trying... C:\Users\baree\.cache\selenium\chromedriver\win64\129.0.6668.100\chromium.exe
[1728849159.895][INFO]: Browser search. Trying... C:\Users\baree\AppData\Local\Google\Chrome\Application\chrome.exe
[1728849159.895][INFO]: Browser search. Trying... C:\Program Files\Google\Chrome\Application\chrome.exe
[1728849159.895][INFO]: Browser search. Found at  C:\Program Files\Google\Chrome\Application\chrome.exe
[1728849159.896][INFO]: Populating Preferences file: {
   "alternate_error_pages": {
      "enabled": false
   },
   "autofill": {
      "enabled": false
   },
   "browser": {
      "check_default_browser": false
   },
   "distribution": {
      "import_bookmarks": false,
      "import_history": false,
      "import_search_engine": false,
      "make_chrome_default_for_user": false,
      "skip_first_run_ui": true
   },
   "dns_prefetching": {
      "enabled": false
   },
   "profile": {
      "content_settings": {
         "pattern_pairs": {
            "https://*,*": {
               "media-stream": {
                  "audio": "Default",
                  "video": "Default"
               }
            }
         }
      },
      "default_content_setting_values": {
         "geolocation": 1
      },
      "default_content_settings": {
         "geolocation": 1,
         "mouselock": 1,
         "notifications": 1,
         "popups": 1,
         "ppapi-broker": 1
      },
      "password_manager_enabled": false
   },
   "safebrowsing": {
      "enabled": false
   },
   "search": {
      "suggest_enabled": false
   },
   "translate": {
      "enabled": false
   }
}
[1728849159.896][INFO]: Populating Local State file: {
   "background_mode": {
      "enabled": false
   },
   "ssl": {
      "rev_checking": {
         "enabled": false
      }
   }
}
[1728849159.898][INFO]: ChromeDriver supports communication with Chrome via pipes. This is more reliable and more secure.
[1728849159.898][INFO]: Use the --remote-debugging-pipe Chrome switch instead of the default --remote-debugging-port to enable this communication mode.
[1728849159.899][INFO]: Launching chrome: "C:\Program Files\Google\Chrome\Application\chrome.exe" --allow-pre-commit-input --disable-background-networking --disable-backgrounding-occluded-windows --disable-client-side-phishing-detection --disable-default-apps --disable-hang-monitor --disable-popup-blocking --disable-prompt-on-repost --disable-sync --enable-automation --enable-logging --log-level=0 --no-first-run --no-service-autorun --password-store=basic --remote-debugging-port=0 --test-type=webdriver --use-mock-keychain --user-data-dir="C:\Users\baree\AppData\Local\Temp\scoped_dir3772_1939451784" data:,
[1728849160.433][INFO]: resolved localhost to ["::1","127.0.0.1"]
[1728849160.437][INFO]: [c90c65e08fe6e961daa635246feebf1e] RESPONSE InitSession {
   "capabilities": {
      "acceptInsecureCerts": false,
      "browserName": "chrome",
      "browserVersion": "129.0.6668.101",
      "chrome": {
         "chromedriverVersion": "129.0.6668.100 (cf58cba358d31ce285c1970a79a9411d0fb381a5-refs/branch-heads/6668@{#1704})",
         "userDataDir": "C:\\Users\\baree\\AppData\\Local\\Temp\\scoped_dir3772_1939451784"
      },
      "fedcm:accounts": true,
      "goog:chromeOptions": {
         "debuggerAddress": "localhost:54957"
      },
      "networkConnectionEnabled": false,
      "pageLoadStrategy": "normal",
      "platformName": "windows",
      "proxy": {
      },
      "setWindowRect": true,
      "strictFileInteractability": false,
      "timeouts": {
         "implicit": 0,
         "pageLoad": 300000,
         "script": 30000
      },
      "unhandledPromptBehavior": "dismiss and notify",
      "webauthn:extension:credBlob": true,
      "webauthn:extension:largeBlob": true,
      "webauthn:extension:minPinLength": true,
      "webauthn:extension:prf": true,
      "webauthn:virtualAuthenticators": true
   },
   "sessionId": "c90c65e08fe6e961daa635246feebf1e"
}
[1728849160.563][INFO]: [c90c65e08fe6e961daa635246feebf1e] COMMAND MaximizeWindow {
}
[1728849160.563][INFO]: Waiting for pending navigations...
[1728849160.565][INFO]: Done waiting for pending navigations. Status: ok
[1728849160.590][INFO]: Waiting for pending navigations...
[1728849160.591][INFO]: Done waiting for pending navigations. Status: ok
[1728849160.591][INFO]: [c90c65e08fe6e961daa635246feebf1e] RESPONSE MaximizeWindow {
   "height": 1048,
   "width": 1936,
   "x": -8,
   "y": -8
}
[1728849160.595][INFO]: [c90c65e08fe6e961daa635246feebf1e] COMMAND SetTimeouts {
   "implicit": 30000
}
[1728849160.595][INFO]: [c90c65e08fe6e961daa635246feebf1e] RESPONSE SetTimeouts
[1728849160.600][INFO]: [c90c65e08fe6e961daa635246feebf1e] COMMAND Navigate {
   "url": "https://leetcode.com/"
}
[1728849160.600][INFO]: Waiting for pending navigations...
[1728849160.602][INFO]: Done waiting for pending navigations. Status: ok
[1728849160.959][INFO]: Waiting for pending navigations...
[1728849163.022][INFO]: Done waiting for pending navigations. Status: ok
[1728849163.022][INFO]: [c90c65e08fe6e961daa635246feebf1e] RESPONSE Navigate
[1728849163.026][INFO]: [c90c65e08fe6e961daa635246feebf1e] COMMAND GetUrl {
}
[1728849163.026][INFO]: Waiting for pending navigations...
[1728849163.027][INFO]: Done waiting for pending navigations. Status: ok
[1728849163.032][INFO]: Waiting for pending navigations...
[1728849163.033][INFO]: Done waiting for pending navigations. Status: ok
[1728849163.033][INFO]: [c90c65e08fe6e961daa635246feebf1e] RESPONSE GetUrl "https://leetcode.com/"
[1728849163.039][INFO]: [c90c65e08fe6e961daa635246feebf1e] COMMAND Navigate {
   "url": "https://leetcode.com/"
}
[1728849163.039][INFO]: Waiting for pending navigations...
[1728849163.040][INFO]: Done waiting for pending navigations. Status: ok
[1728849163.336][INFO]: Waiting for pending navigations...
[1728849163.873][INFO]: Done waiting for pending navigations. Status: ok
[1728849163.873][INFO]: [c90c65e08fe6e961daa635246feebf1e] RESPONSE Navigate
[1728849163.876][INFO]: [c90c65e08fe6e961daa635246feebf1e] COMMAND FindElement {
   "using": "xpath",
   "value": "//p[contains(text(), \"View Questions\")][1]"
}
[1728849163.876][INFO]: Waiting for pending navigations...
[1728849163.877][INFO]: Done waiting for pending navigations. Status: ok
[1728849163.886][INFO]: Waiting for pending navigations...
[1728849163.887][INFO]: Done waiting for pending navigations. Status: ok
[1728849163.887][INFO]: [c90c65e08fe6e961daa635246feebf1e] RESPONSE FindElement {
   "element-6066-11e4-a52e-4f735466cecf": "f.2A38B09BE7E33BE8F7ED493E9D46B698.d.34948A25210B93919EC9FC695FD127D8.e.28"
}
[1728849163.893][INFO]: [c90c65e08fe6e961daa635246feebf1e] COMMAND ClickElement {
   "id": "f.2A38B09BE7E33BE8F7ED493E9D46B698.d.34948A25210B93919EC9FC695FD127D8.e.28"
}
[1728849163.893][INFO]: Waiting for pending navigations...
[1728849163.894][INFO]: Done waiting for pending navigations. Status: ok
[1728849163.953][INFO]: Waiting for pending navigations...
[1728849166.161][INFO]: Done waiting for pending navigations. Status: ok
[1728849166.161][INFO]: [c90c65e08fe6e961daa635246feebf1e] RESPONSE ClickElement
[1728849166.164][INFO]: [c90c65e08fe6e961daa635246feebf1e] COMMAND GetUrl {
}
[1728849166.164][INFO]: Waiting for pending navigations...
[1728849166.428][INFO]: Done waiting for pending navigations. Status: ok
[1728849166.637][INFO]: Waiting for pending navigations...
[1728849166.830][INFO]: Done waiting for pending navigations. Status: ok
[1728849166.830][INFO]: [c90c65e08fe6e961daa635246feebf1e] RESPONSE GetUrl "https://leetcode.com/problemset/"
[1728849169.848][INFO]: [c90c65e08fe6e961daa635246feebf1e] COMMAND FindElements {
   "using": "xpath",
   "value": "//div[@class='truncate']/a[not(contains(. , '632'))]"
}
[1728849169.848][INFO]: Waiting for pending navigations...
[1728849169.849][INFO]: Done waiting for pending navigations. Status: ok
[1728849169.864][INFO]: Waiting for pending navigations...
[1728849169.865][INFO]: Done waiting for pending navigations. Status: ok
[1728849169.865][INFO]: [c90c65e08fe6e961daa635246feebf1e] RESPONSE FindElements [ {
   "element-6066-11e4-a52e-4f735466cecf": "f.2A38B09BE7E33BE8F7ED493E9D46B698.d.8EF858E7772492A76F1EAD540874D415.e.91"
}, {
   "element-6066-11e4-a52e-4f735466cecf": "f.2A38B09BE7E33BE8F7ED493E9D46B698.d.8EF858E7772492A76F1EAD540874D415.e.92"
}, {
   "element-6066-11e4-a52e-4f735466cecf": "f.2A38B09BE7E33BE8F7ED493E9D46B698.d.8EF858E7772492A76F1EAD540874D415.e.93"
}, {
   "element-6066-11e4-a52e-4f735466cecf": "f.2A38B09BE7E33BE8F7ED493E9D46B698.d.8EF858E7772492A76F1EAD540874D415.e.94"
}, {
   "element-6066-11e4-a52e-4f735466cecf": "f.2A38B09BE7E33BE8F7ED493E9D46B698.d.8EF858E7772492A76F1EAD540874D415.e.95"
}, {
   "element-6066-11e4-a52e-4f735466cecf": "f.2A38B09BE7E33BE8F7ED493E9D46B698.d.8EF858E7772492A76F1EAD540874D415.e.96"
}, {
   "element-6066-11e4-a52e-4f735466cecf": "f.2A38B09BE7E33BE8F7ED493E9D46B698.d.8EF858E7772492A76F1EAD540874D415.e.97"
}, {
   "element-6066-11e4-a52e-4f735466cecf": "f.2A38B09BE7E33BE8F7ED493E9D46B698.d.8EF858E7772492A76F1EAD540874D415.e.98"
}, {
   "element-6066-11e4-a52e-4f735466cecf": "f.2A38B09BE7E33BE8F7ED493E9D46B698.d.8EF858E7772492A76F1EAD540874D415.e.99"
}, {
   "element-6066-11e4-a52e-4f735466cecf": "f.2A38B09BE7E33BE8F7ED493E9D46B698.d.8EF858E7772492A76F1EAD540874D415.e.100"
}, {
   "element-6066-11e4-a52e-4f735466cecf": "f.2A38B09BE7E33BE8F7ED493E9D46B698.d.8EF858E7772492A76F1EAD540874D415.e.101"
}, {
   "element-6066-11e4-a52e-4f735466cecf": "f.2A38B09BE7E33BE8F7ED493E9D46B698.d.8EF858E7772492A76F1EAD540874D415.e.102"
}, {
   "element-6066-11e4-a52e-4f735466cecf": "f.2A38B09BE7E33BE8F7ED493E9D46B698.d.8EF858E7772492A76F1EAD540874D415.e.103"
}, {
   "element-6066-11e4-a52e-4f735466cecf": "f.2A38B09BE7E33BE8F7ED493E9D46B698.d.8EF858E7772492A76F1EAD540874D415.e.104"
}, {
   "element-6066-11e4-a52e-4f735466cecf": "f.2A38B09BE7E33BE8F7ED493E9D46B698.d.8EF858E7772492A76F1EAD540874D415.e.105"
}, {
   "element-6066-11e4-a52e-4f735466cecf": "f.2A38B09BE7E33BE8F7ED493E9D46B698.d.8EF858E7772492A76F1EAD540874D415.e.106"
}, {
   "element-6066-11e4-a52e-4f735466cecf": "f.2A38B09BE7E33BE8F7ED493E9D46B698.d.8EF858E7772492A76F1EAD540874D415.e.107"
}, {
   "element-6066-11e4-a52e-4f735466cecf": "f.2A38B09BE7E33BE8F7ED493E9D46B698.d.8EF858E7772492A76F1EAD540874D415.e.108"
}, {
   "element-6066-11e4-a52e-4f735466cecf": "f.2A38B09BE7E33BE8F7ED493E9D46B698.d.8EF858E7772492A76F1EAD540874D415.e.109"
}, "..." ]
[1728849169.877][INFO]: [c90c65e08fe6e961daa635246feebf1e] COMMAND GetElementText {
   "id": "f.2A38B09BE7E33BE8F7ED493E9D46B698.d.8EF858E7772492A76F1EAD540874D415.e.91"
}
[1728849169.877][INFO]: Waiting for pending navigations...
[1728849169.878][INFO]: Done waiting for pending navigations. Status: ok
[1728849169.889][INFO]: Waiting for pending navigations...
[1728849169.890][INFO]: Done waiting for pending navigations. Status: ok
[1728849169.890][INFO]: [c90c65e08fe6e961daa635246feebf1e] RESPONSE GetElementText "1. Two Sum"
[1728849169.895][INFO]: [c90c65e08fe6e961daa635246feebf1e] COMMAND GetElementText {
   "id": "f.2A38B09BE7E33BE8F7ED493E9D46B698.d.8EF858E7772492A76F1EAD540874D415.e.92"
}
[1728849169.895][INFO]: Waiting for pending navigations...
[1728849169.896][INFO]: Done waiting for pending navigations. Status: ok
[1728849169.903][INFO]: Waiting for pending navigations...
[1728849169.904][INFO]: Done waiting for pending navigations. Status: ok
[1728849169.904][INFO]: [c90c65e08fe6e961daa635246feebf1e] RESPONSE GetElementText "2. Add Two Numbers"
[1728849169.907][INFO]: [c90c65e08fe6e961daa635246feebf1e] COMMAND GetElementText {
   "id": "f.2A38B09BE7E33BE8F7ED493E9D46B698.d.8EF858E7772492A76F1EAD540874D415.e.93"
}
[1728849169.907][INFO]: Waiting for pending navigations...
[1728849169.908][INFO]: Done waiting for pending navigations. Status: ok
[1728849169.915][INFO]: Waiting for pending navigations...
[1728849169.915][INFO]: Done waiting for pending navigations. Status: ok
[1728849169.915][INFO]: [c90c65e08fe6e961daa635246feebf1e] RESPONSE GetElementText "3. Longest Substring Without Repeating Characters"
[1728849169.921][INFO]: [c90c65e08fe6e961daa635246feebf1e] COMMAND GetElementText {
   "id": "f.2A38B09BE7E33BE8F7ED493E9D46B698.d.8EF858E7772492A76F1EAD540874D415.e.94"
}
[1728849169.921][INFO]: Waiting for pending navigations...
[1728849169.922][INFO]: Done waiting for pending navigations. Status: ok
[1728849169.929][INFO]: Waiting for pending navigations...
[1728849169.929][INFO]: Done waiting for pending navigations. Status: ok
[1728849169.929][INFO]: [c90c65e08fe6e961daa635246feebf1e] RESPONSE GetElementText "4. Median of Two Sorted Arrays"
[1728849169.932][INFO]: [c90c65e08fe6e961daa635246feebf1e] COMMAND GetElementText {
   "id": "f.2A38B09BE7E33BE8F7ED493E9D46B698.d.8EF858E7772492A76F1EAD540874D415.e.95"
}
[1728849169.932][INFO]: Waiting for pending navigations...
[1728849169.933][INFO]: Done waiting for pending navigations. Status: ok
[1728849169.940][INFO]: Waiting for pending navigations...
[1728849169.941][INFO]: Done waiting for pending navigations. Status: ok
[1728849169.941][INFO]: [c90c65e08fe6e961daa635246feebf1e] RESPONSE GetElementText "5. Longest Palindromic Substring"
[1728849169.944][INFO]: [c90c65e08fe6e961daa635246feebf1e] COMMAND GetElementText {
   "id": "f.2A38B09BE7E33BE8F7ED493E9D46B698.d.8EF858E7772492A76F1EAD540874D415.e.91"
}
[1728849169.944][INFO]: Waiting for pending navigations...
[1728849169.944][INFO]: Done waiting for pending navigations. Status: ok
[1728849169.950][INFO]: Waiting for pending navigations...
[1728849169.950][INFO]: Done waiting for pending navigations. Status: ok
[1728849169.950][INFO]: [c90c65e08fe6e961daa635246feebf1e] RESPONSE GetElementText "1. Two Sum"
[1728849169.954][INFO]: [c90c65e08fe6e961daa635246feebf1e] COMMAND Navigate {
   "url": "https://leetcode.com/problems/two-sum/"
}
[1728849169.954][INFO]: Waiting for pending navigations...
[1728849169.955][INFO]: Done waiting for pending navigations. Status: ok
[1728849170.306][INFO]: Waiting for pending navigations...
[1728849171.143][INFO]: Done waiting for pending navigations. Status: ok
[1728849171.143][INFO]: [c90c65e08fe6e961daa635246feebf1e] RESPONSE Navigate
[1728849171.147][INFO]: [c90c65e08fe6e961daa635246feebf1e] COMMAND GetUrl {
}
[1728849171.147][INFO]: Waiting for pending navigations...
[1728849171.160][INFO]: Done waiting for pending navigations. Status: ok
[1728849171.167][INFO]: Waiting for pending navigations...
[1728849171.168][INFO]: Done waiting for pending navigations. Status: ok
[1728849171.168][INFO]: [c90c65e08fe6e961daa635246feebf1e] RESPONSE GetUrl "https://leetcode.com/problems/two-sum/"
[1728849171.171][INFO]: [c90c65e08fe6e961daa635246feebf1e] COMMAND Navigate {
   "url": "https://leetcode.com/"
}
[1728849171.171][INFO]: Waiting for pending navigations...
[1728849171.172][INFO]: Done waiting for pending navigations. Status: ok
[1728849171.541][INFO]: Waiting for pending navigations...
[1728849172.105][INFO]: Done waiting for pending navigations. Status: ok
[1728849172.105][INFO]: [c90c65e08fe6e961daa635246feebf1e] RESPONSE Navigate
[1728849172.108][INFO]: [c90c65e08fe6e961daa635246feebf1e] COMMAND FindElement {
   "using": "xpath",
   "value": "//p[contains(text(), \"View Questions\")][1]"
}
[1728849172.108][INFO]: Waiting for pending navigations...
[1728849172.115][INFO]: Done waiting for pending navigations. Status: ok
[1728849172.125][INFO]: Waiting for pending navigations...
[1728849172.126][INFO]: Done waiting for pending navigations. Status: ok
[1728849172.126][INFO]: [c90c65e08fe6e961daa635246feebf1e] RESPONSE FindElement {
   "element-6066-11e4-a52e-4f735466cecf": "f.2A38B09BE7E33BE8F7ED493E9D46B698.d.697CE422133FB5D113248716765BA590.e.153"
}
[1728849172.129][INFO]: [c90c65e08fe6e961daa635246feebf1e] COMMAND ClickElement {
   "id": "f.2A38B09BE7E33BE8F7ED493E9D46B698.d.697CE422133FB5D113248716765BA590.e.153"
}
[1728849172.129][INFO]: Waiting for pending navigations...
[1728849172.130][INFO]: Done waiting for pending navigations. Status: ok
[1728849172.180][INFO]: Waiting for pending navigations...
[1728849173.589][INFO]: Done waiting for pending navigations. Status: ok
[1728849173.589][INFO]: [c90c65e08fe6e961daa635246feebf1e] RESPONSE ClickElement
[1728849176.596][INFO]: [c90c65e08fe6e961daa635246feebf1e] COMMAND FindElement {
   "using": "xpath",
   "value": "//a[@href='/problems/two-sum']"
}
[1728849176.596][INFO]: Waiting for pending navigations...
[1728849176.597][INFO]: Done waiting for pending navigations. Status: ok
[1728849176.609][INFO]: Waiting for pending navigations...
[1728849176.610][INFO]: Done waiting for pending navigations. Status: ok
[1728849176.610][INFO]: [c90c65e08fe6e961daa635246feebf1e] RESPONSE FindElement {
   "element-6066-11e4-a52e-4f735466cecf": "f.2A38B09BE7E33BE8F7ED493E9D46B698.d.F9973F79A7373680F7937FA21CE014DD.e.220"
}
[1728849176.613][INFO]: [c90c65e08fe6e961daa635246feebf1e] COMMAND ClickElement {
   "id": "f.2A38B09BE7E33BE8F7ED493E9D46B698.d.F9973F79A7373680F7937FA21CE014DD.e.220"
}
[1728849176.613][INFO]: Waiting for pending navigations...
[1728849176.614][INFO]: Done waiting for pending navigations. Status: ok
[1728849176.703][INFO]: Waiting for pending navigations...
[1728849178.469][INFO]: Done waiting for pending navigations. Status: ok
[1728849178.469][INFO]: [c90c65e08fe6e961daa635246feebf1e] RESPONSE ClickElement
[1728849181.485][INFO]: [c90c65e08fe6e961daa635246feebf1e] COMMAND FindElement {
   "using": "xpath",
   "value": "(//div[text()='Submissions'])[2]"
}
[1728849181.485][INFO]: Waiting for pending navigations...
[1728849181.486][INFO]: Done waiting for pending navigations. Status: ok
[1728849181.495][INFO]: Waiting for pending navigations...
[1728849181.496][INFO]: Done waiting for pending navigations. Status: ok
[1728849181.496][INFO]: [c90c65e08fe6e961daa635246feebf1e] RESPONSE FindElement {
   "element-6066-11e4-a52e-4f735466cecf": "f.2A38B09BE7E33BE8F7ED493E9D46B698.d.1BDBE76D59DE2016D07B48DCC415A645.e.243"
}
[1728849181.499][INFO]: [c90c65e08fe6e961daa635246feebf1e] COMMAND ClickElement {
   "id": "f.2A38B09BE7E33BE8F7ED493E9D46B698.d.1BDBE76D59DE2016D07B48DCC415A645.e.243"
}
[1728849181.499][INFO]: Waiting for pending navigations...
[1728849181.500][INFO]: Done waiting for pending navigations. Status: ok
[1728849181.551][INFO]: Waiting for pending navigations...
[1728849181.562][INFO]: Done waiting for pending navigations. Status: ok
[1728849181.562][INFO]: [c90c65e08fe6e961daa635246feebf1e] RESPONSE ClickElement
[1728849181.566][INFO]: [c90c65e08fe6e961daa635246feebf1e] COMMAND FindElement {
   "using": "xpath",
   "value": "//a[contains(text(), \"Register or Sign In\")]"
}
[1728849181.566][INFO]: Waiting for pending navigations...
[1728849181.566][INFO]: Done waiting for pending navigations. Status: ok
[1728849181.575][INFO]: Waiting for pending navigations...
[1728849181.577][INFO]: Done waiting for pending navigations. Status: ok
[1728849181.577][INFO]: [c90c65e08fe6e961daa635246feebf1e] RESPONSE FindElement {
   "element-6066-11e4-a52e-4f735466cecf": "f.2A38B09BE7E33BE8F7ED493E9D46B698.d.1BDBE76D59DE2016D07B48DCC415A645.e.244"
}
[1728849181.579][INFO]: [c90c65e08fe6e961daa635246feebf1e] COMMAND GetElementText {
   "id": "f.2A38B09BE7E33BE8F7ED493E9D46B698.d.1BDBE76D59DE2016D07B48DCC415A645.e.244"
}
[1728849181.579][INFO]: Waiting for pending navigations...
[1728849181.580][INFO]: Done waiting for pending navigations. Status: ok
[1728849181.587][INFO]: Waiting for pending navigations...
[1728849181.587][INFO]: Done waiting for pending navigations. Status: ok
[1728849181.587][INFO]: [c90c65e08fe6e961daa635246feebf1e] RESPONSE GetElementText "Register or Sign In"
[1728849181.591][INFO]: [c90c65e08fe6e961daa635246feebf1e] COMMAND CloseWindow {
}
[1728849181.686][INFO]: [c90c65e08fe6e961daa635246feebf1e] RESPONSE CloseWindow [  ]
